2013-03-21 13:09:31 Error: [MissingControllerException] Controller class PagesController could not be found.
Exception Attributes: array (
  'class' => 'PagesController',
  'plugin' => NULL,
)
Request URL: /fewphp/
Stack Trace:
#0 /opt/lampp/htdocs/fewphp/app/webroot/index.php(109): Dispatcher->dispatch(Object(CakeRequest), Object(CakeResponse))
#1 {main}
2013-03-21 13:12:30 Error: [MissingControllerException] Controller class PagesController could not be found.
Exception Attributes: array (
  'class' => 'PagesController',
  'plugin' => NULL,
)
Request URL: /fewphp/
Stack Trace:
#0 /opt/lampp/htdocs/fewphp/app/webroot/index.php(109): Dispatcher->dispatch(Object(CakeRequest), Object(CakeResponse))
#1 {main}
2013-03-21 13:12:44 Error: [MissingActionException] Action DashboardController::index() could not be found.
Exception Attributes: array (
  'controller' => 'DashboardController',
  'action' => 'index',
)
Request URL: /fewphp/Dashboard
Stack Trace:
#0 /opt/lampp/htdocs/fewphp/lib/Cake/Routing/Dispatcher.php(187): Controller->invokeAction(Object(CakeRequest))
#1 /opt/lampp/htdocs/fewphp/lib/Cake/Routing/Dispatcher.php(162): Dispatcher->_invoke(Object(DashboardController), Object(CakeRequest), Object(CakeResponse))
#2 /opt/lampp/htdocs/fewphp/app/webroot/index.php(109): Dispatcher->dispatch(Object(CakeRequest), Object(CakeResponse))
#3 {main}
2013-03-21 13:12:46 Error: [MissingActionException] Action DashboardController::index() could not be found.
Exception Attributes: array (
  'controller' => 'DashboardController',
  'action' => 'index',
)
Request URL: /fewphp/dashboard
Stack Trace:
#0 /opt/lampp/htdocs/fewphp/lib/Cake/Routing/Dispatcher.php(187): Controller->invokeAction(Object(CakeRequest))
#1 /opt/lampp/htdocs/fewphp/lib/Cake/Routing/Dispatcher.php(162): Dispatcher->_invoke(Object(DashboardController), Object(CakeRequest), Object(CakeResponse))
#2 /opt/lampp/htdocs/fewphp/app/webroot/index.php(109): Dispatcher->dispatch(Object(CakeRequest), Object(CakeResponse))
#3 {main}
2013-03-21 13:13:13 Error: [MissingActionException] Action DashboardController::index() could not be found.
Exception Attributes: array (
  'controller' => 'DashboardController',
  'action' => 'index',
)
Request URL: /fewphp/dashboard
Stack Trace:
#0 /opt/lampp/htdocs/fewphp/lib/Cake/Routing/Dispatcher.php(187): Controller->invokeAction(Object(CakeRequest))
#1 /opt/lampp/htdocs/fewphp/lib/Cake/Routing/Dispatcher.php(162): Dispatcher->_invoke(Object(DashboardController), Object(CakeRequest), Object(CakeResponse))
#2 /opt/lampp/htdocs/fewphp/app/webroot/index.php(109): Dispatcher->dispatch(Object(CakeRequest), Object(CakeResponse))
#3 {main}
2013-03-21 13:13:31 Error: [MissingActionException] Action DashboardController::index() could not be found.
Exception Attributes: array (
  'controller' => 'DashboardController',
  'action' => 'index',
)
Request URL: /fewphp/dashboard
Stack Trace:
#0 /opt/lampp/htdocs/fewphp/lib/Cake/Routing/Dispatcher.php(187): Controller->invokeAction(Object(CakeRequest))
#1 /opt/lampp/htdocs/fewphp/lib/Cake/Routing/Dispatcher.php(162): Dispatcher->_invoke(Object(DashboardController), Object(CakeRequest), Object(CakeResponse))
#2 /opt/lampp/htdocs/fewphp/app/webroot/index.php(109): Dispatcher->dispatch(Object(CakeRequest), Object(CakeResponse))
#3 {main}
2013-03-21 13:13:36 Error: [MissingControllerException] Controller class PagesController could not be found.
Exception Attributes: array (
  'class' => 'PagesController',
  'plugin' => NULL,
)
Request URL: /fewphp/
Stack Trace:
#0 /opt/lampp/htdocs/fewphp/app/webroot/index.php(109): Dispatcher->dispatch(Object(CakeRequest), Object(CakeResponse))
#1 {main}
2013-03-21 13:25:03 Error: [MissingControllerException] Controller class PagesController could not be found.
Exception Attributes: array (
  'class' => 'PagesController',
  'plugin' => NULL,
)
Request URL: /fewphp/
Stack Trace:
#0 /opt/lampp/htdocs/fewphp/app/webroot/index.php(109): Dispatcher->dispatch(Object(CakeRequest), Object(CakeResponse))
#1 {main}
2013-03-21 13:31:07 Error: [MissingControllerException] Controller class HomeController could not be found.
Exception Attributes: array (
  'class' => 'HomeController',
  'plugin' => NULL,
)
Request URL: /fewphp/
Stack Trace:
#0 /opt/lampp/htdocs/fewphp/app/webroot/index.php(109): Dispatcher->dispatch(Object(CakeRequest), Object(CakeResponse))
#1 {main}
2013-03-21 13:31:53 Error: [MissingControllerException] Controller class HomeController could not be found.
Exception Attributes: array (
  'class' => 'HomeController',
  'plugin' => NULL,
)
Request URL: /fewphp/
Stack Trace:
#0 /opt/lampp/htdocs/fewphp/app/webroot/index.php(109): Dispatcher->dispatch(Object(CakeRequest), Object(CakeResponse))
#1 {main}
2013-03-21 13:38:53 Error: [MissingControllerException] Controller class HomeController could not be found.
Exception Attributes: array (
  'class' => 'HomeController',
  'plugin' => NULL,
)
Request URL: /fewphp/home/home
Stack Trace:
#0 /opt/lampp/htdocs/fewphp/app/webroot/index.php(109): Dispatcher->dispatch(Object(CakeRequest), Object(CakeResponse))
#1 {main}
2013-03-21 13:39:01 Error: [MissingControllerException] Controller class HomeController could not be found.
Exception Attributes: array (
  'class' => 'HomeController',
  'plugin' => NULL,
)
Request URL: /fewphp/home/home
Stack Trace:
#0 /opt/lampp/htdocs/fewphp/app/webroot/index.php(109): Dispatcher->dispatch(Object(CakeRequest), Object(CakeResponse))
#1 {main}
2013-03-21 13:39:06 Error: [MissingControllerException] Controller class HomeController could not be found.
Exception Attributes: array (
  'class' => 'HomeController',
  'plugin' => NULL,
)
Request URL: /fewphp/home/home/home
Stack Trace:
#0 /opt/lampp/htdocs/fewphp/app/webroot/index.php(109): Dispatcher->dispatch(Object(CakeRequest), Object(CakeResponse))
#1 {main}
2013-03-21 13:39:09 Error: [MissingControllerException] Controller class HomeController could not be found.
Exception Attributes: array (
  'class' => 'HomeController',
  'plugin' => NULL,
)
Request URL: /fewphp/home/
Stack Trace:
#0 /opt/lampp/htdocs/fewphp/app/webroot/index.php(109): Dispatcher->dispatch(Object(CakeRequest), Object(CakeResponse))
#1 {main}
2013-03-21 13:39:13 Error: [MissingControllerException] Controller class IndexController could not be found.
Exception Attributes: array (
  'class' => 'IndexController',
  'plugin' => NULL,
)
Request URL: /fewphp/index
Stack Trace:
#0 /opt/lampp/htdocs/fewphp/app/webroot/index.php(109): Dispatcher->dispatch(Object(CakeRequest), Object(CakeResponse))
#1 {main}
2013-03-21 13:49:08 Error: [MissingActionException] Action DashboardController::index() could not be found.
Exception Attributes: array (
  'controller' => 'DashboardController',
  'action' => 'index',
)
Request URL: /fewphp/admin
Stack Trace:
#0 /opt/lampp/htdocs/fewphp/lib/Cake/Routing/Dispatcher.php(187): Controller->invokeAction(Object(CakeRequest))
#1 /opt/lampp/htdocs/fewphp/lib/Cake/Routing/Dispatcher.php(162): Dispatcher->_invoke(Object(DashboardController), Object(CakeRequest), Object(CakeResponse))
#2 /opt/lampp/htdocs/fewphp/app/webroot/index.php(109): Dispatcher->dispatch(Object(CakeRequest), Object(CakeResponse))
#3 {main}
2013-03-21 13:54:01 Error: [MissingControllerException] Controller class HomeController could not be found.
Exception Attributes: array (
  'class' => 'HomeController',
  'plugin' => NULL,
)
Request URL: /fewphp/
Stack Trace:
#0 /opt/lampp/htdocs/fewphp/app/webroot/index.php(109): Dispatcher->dispatch(Object(CakeRequest), Object(CakeResponse))
#1 {main}
2013-03-22 12:34:17 Error: [MissingControllerException] Controller class HomeController could not be found.
Exception Attributes: array (
  'class' => 'HomeController',
  'plugin' => NULL,
)
Request URL: /fewphp/
Stack Trace:
#0 /opt/lampp/htdocs/fewphp/app/webroot/index.php(109): Dispatcher->dispatch(Object(CakeRequest), Object(CakeResponse))
#1 {main}
2013-03-22 12:40:24 Error: [MissingControllerException] Controller class HomeController could not be found.
Exception Attributes: array (
  'class' => 'HomeController',
  'plugin' => NULL,
)
Request URL: /fewphp/
Stack Trace:
#0 /opt/lampp/htdocs/fewphp/app/webroot/index.php(109): Dispatcher->dispatch(Object(CakeRequest), Object(CakeResponse))
#1 {main}
2013-03-22 12:40:26 Error: [MissingControllerException] Controller class HomeController could not be found.
Exception Attributes: array (
  'class' => 'HomeController',
  'plugin' => NULL,
)
Request URL: /fewphp/
Stack Trace:
#0 /opt/lampp/htdocs/fewphp/app/webroot/index.php(109): Dispatcher->dispatch(Object(CakeRequest), Object(CakeResponse))
#1 {main}
2013-03-22 12:40:41 Error: [MissingControllerException] Controller class HomeController could not be found.
Exception Attributes: array (
  'class' => 'HomeController',
  'plugin' => NULL,
)
Request URL: /fewphp/
Stack Trace:
#0 /opt/lampp/htdocs/fewphp/app/webroot/index.php(109): Dispatcher->dispatch(Object(CakeRequest), Object(CakeResponse))
#1 {main}
2013-03-22 12:41:37 Error: [MissingControllerException] Controller class HomeController could not be found.
Exception Attributes: array (
  'class' => 'HomeController',
  'plugin' => NULL,
)
Request URL: /fewphp/
Stack Trace:
#0 /opt/lampp/htdocs/fewphp/app/webroot/index.php(109): Dispatcher->dispatch(Object(CakeRequest), Object(CakeResponse))
#1 {main}
2013-03-22 12:41:52 Error: [MissingControllerException] Controller class HomeControllerController could not be found.
Exception Attributes: array (
  'class' => 'HomeControllerController',
  'plugin' => NULL,
)
Request URL: /fewphp/HomeController
Stack Trace:
#0 /opt/lampp/htdocs/fewphp/app/webroot/index.php(109): Dispatcher->dispatch(Object(CakeRequest), Object(CakeResponse))
#1 {main}
2013-03-22 12:41:57 Error: [MissingControllerException] Controller class HomeController could not be found.
Exception Attributes: array (
  'class' => 'HomeController',
  'plugin' => NULL,
)
Request URL: /fewphp/
Stack Trace:
#0 /opt/lampp/htdocs/fewphp/app/webroot/index.php(109): Dispatcher->dispatch(Object(CakeRequest), Object(CakeResponse))
#1 {main}
2013-03-22 12:42:01 Error: [MissingControllerException] Controller class HomeControllerController could not be found.
Exception Attributes: array (
  'class' => 'HomeControllerController',
  'plugin' => NULL,
)
Request URL: /fewphp/HomeController
Stack Trace:
#0 /opt/lampp/htdocs/fewphp/app/webroot/index.php(109): Dispatcher->dispatch(Object(CakeRequest), Object(CakeResponse))
#1 {main}
2013-03-22 12:42:06 Error: [MissingControllerException] Controller class HomeController could not be found.
Exception Attributes: array (
  'class' => 'HomeController',
  'plugin' => NULL,
)
Request URL: /fewphp/Home
Stack Trace:
#0 /opt/lampp/htdocs/fewphp/app/webroot/index.php(109): Dispatcher->dispatch(Object(CakeRequest), Object(CakeResponse))
#1 {main}
2013-03-22 12:43:24 Error: [MissingActionException] Action DashboardController::index() could not be found.
Exception Attributes: array (
  'controller' => 'DashboardController',
  'action' => 'index',
)
Request URL: /fewphp/admin
Stack Trace:
#0 /opt/lampp/htdocs/fewphp/lib/Cake/Routing/Dispatcher.php(187): Controller->invokeAction(Object(CakeRequest))
#1 /opt/lampp/htdocs/fewphp/lib/Cake/Routing/Dispatcher.php(162): Dispatcher->_invoke(Object(DashboardController), Object(CakeRequest), Object(CakeResponse))
#2 /opt/lampp/htdocs/fewphp/app/webroot/index.php(109): Dispatcher->dispatch(Object(CakeRequest), Object(CakeResponse))
#3 {main}
2013-03-22 12:43:38 Error: [MissingControllerException] Controller class HomeController could not be found.
Exception Attributes: array (
  'class' => 'HomeController',
  'plugin' => NULL,
)
Request URL: /fewphp/Home
Stack Trace:
#0 /opt/lampp/htdocs/fewphp/app/webroot/index.php(109): Dispatcher->dispatch(Object(CakeRequest), Object(CakeResponse))
#1 {main}
2013-03-22 12:45:04 Error: [MissingControllerException] Controller class HomeController could not be found.
Exception Attributes: array (
  'class' => 'HomeController',
  'plugin' => NULL,
)
Request URL: /fewphp/Home
Stack Trace:
#0 /opt/lampp/htdocs/fewphp/app/webroot/index.php(109): Dispatcher->dispatch(Object(CakeRequest), Object(CakeResponse))
#1 {main}
2013-03-22 12:46:34 Error: [MissingControllerException] Controller class HomeController could not be found.
Exception Attributes: array (
  'class' => 'HomeController',
  'plugin' => NULL,
)
Request URL: /fewphp/Home
Stack Trace:
#0 /opt/lampp/htdocs/fewphp/app/webroot/index.php(109): Dispatcher->dispatch(Object(CakeRequest), Object(CakeResponse))
#1 {main}
2013-03-22 12:47:12 Error: [MissingControllerException] Controller class HomeController could not be found.
Exception Attributes: array (
  'class' => 'HomeController',
  'plugin' => NULL,
)
Request URL: /fewphp/Home
Stack Trace:
#0 /opt/lampp/htdocs/fewphp/app/webroot/index.php(109): Dispatcher->dispatch(Object(CakeRequest), Object(CakeResponse))
#1 {main}
2013-03-22 12:47:47 Error: [MissingControllerException] Controller class HomeController could not be found.
Exception Attributes: array (
  'class' => 'HomeController',
  'plugin' => NULL,
)
Request URL: /fewphp/Home
Stack Trace:
#0 /opt/lampp/htdocs/fewphp/app/webroot/index.php(109): Dispatcher->dispatch(Object(CakeRequest), Object(CakeResponse))
#1 {main}
2013-03-22 12:47:49 Error: [MissingControllerException] Controller class HomeController could not be found.
Exception Attributes: array (
  'class' => 'HomeController',
  'plugin' => NULL,
)
Request URL: /fewphp/Home
Stack Trace:
#0 /opt/lampp/htdocs/fewphp/app/webroot/index.php(109): Dispatcher->dispatch(Object(CakeRequest), Object(CakeResponse))
#1 {main}
2013-03-22 12:52:28 Error: [MissingControllerException] Controller class HomeController could not be found.
Exception Attributes: array (
  'class' => 'HomeController',
  'plugin' => NULL,
)
Request URL: /fewphp/
Stack Trace:
#0 /opt/lampp/htdocs/fewphp/app/webroot/index.php(109): Dispatcher->dispatch(Object(CakeRequest), Object(CakeResponse))
#1 {main}
2013-03-22 12:52:30 Error: [MissingControllerException] Controller class HomeController could not be found.
Exception Attributes: array (
  'class' => 'HomeController',
  'plugin' => NULL,
)
Request URL: /fewphp/
Stack Trace:
#0 /opt/lampp/htdocs/fewphp/app/webroot/index.php(109): Dispatcher->dispatch(Object(CakeRequest), Object(CakeResponse))
#1 {main}
2013-03-22 12:52:31 Error: [MissingControllerException] Controller class HomeController could not be found.
Exception Attributes: array (
  'class' => 'HomeController',
  'plugin' => NULL,
)
Request URL: /fewphp/
Stack Trace:
#0 /opt/lampp/htdocs/fewphp/app/webroot/index.php(109): Dispatcher->dispatch(Object(CakeRequest), Object(CakeResponse))
#1 {main}
2013-03-22 13:14:06 Error: [MissingControllerException] Controller class HomeController could not be found.
Exception Attributes: array (
  'class' => 'HomeController',
  'plugin' => NULL,
)
Request URL: /fewphp/
Stack Trace:
#0 /opt/lampp/htdocs/fewphp/app/webroot/index.php(109): Dispatcher->dispatch(Object(CakeRequest), Object(CakeResponse))
#1 {main}
2013-03-22 13:21:13 Error: [MissingControllerException] Controller class HomeController could not be found.
Exception Attributes: array (
  'class' => 'HomeController',
  'plugin' => NULL,
)
Request URL: /fewphp/
Stack Trace:
#0 /opt/lampp/htdocs/fewphp/app/webroot/index.php(109): Dispatcher->dispatch(Object(CakeRequest), Object(CakeResponse))
#1 {main}
2013-03-22 13:30:38 Error: [MissingControllerException] Controller class HomeController could not be found.
Exception Attributes: array (
  'class' => 'HomeController',
  'plugin' => NULL,
)
Request URL: /fewphp/
Stack Trace:
#0 /opt/lampp/htdocs/fewphp/app/webroot/index.php(109): Dispatcher->dispatch(Object(CakeRequest), Object(CakeResponse))
#1 {main}
2013-03-22 13:33:04 Error: [MissingControllerException] Controller class HomeController could not be found.
Exception Attributes: array (
  'class' => 'HomeController',
  'plugin' => NULL,
)
Request URL: /fewphp/
Stack Trace:
#0 /opt/lampp/htdocs/fewphp/app/webroot/index.php(109): Dispatcher->dispatch(Object(CakeRequest), Object(CakeResponse))
#1 {main}
2013-03-22 13:58:50 Error: [MissingControllerException] Controller class HomeController could not be found.
Exception Attributes: array (
  'class' => 'HomeController',
  'plugin' => NULL,
)
Request URL: /fewphp/
Stack Trace:
#0 /opt/lampp/htdocs/fewphp/app/webroot/index.php(109): Dispatcher->dispatch(Object(CakeRequest), Object(CakeResponse))
#1 {main}
2013-03-22 14:38:57 Error: [MissingControllerException] Controller class ImgController could not be found.
Exception Attributes: array (
  'class' => 'ImgController',
  'plugin' => NULL,
)
Request URL: /fewphp/img/cake.power.gif
Stack Trace:
#0 /opt/lampp/htdocs/fewphp/app/webroot/index.php(109): Dispatcher->dispatch(Object(CakeRequest), Object(CakeResponse))
#1 {main}
2013-03-22 14:52:38 Error: [MissingControllerException] Controller class ImgController could not be found.
Exception Attributes: array (
  'class' => 'ImgController',
  'plugin' => NULL,
)
Request URL: /fewphp/img/cake.power.gif
Stack Trace:
#0 /opt/lampp/htdocs/fewphp/app/webroot/index.php(109): Dispatcher->dispatch(Object(CakeRequest), Object(CakeResponse))
#1 {main}
2013-03-22 15:18:37 Error: [MissingControllerException] Controller class ImgController could not be found.
Exception Attributes: array (
  'class' => 'ImgController',
  'plugin' => NULL,
)
Request URL: /fewphp/img/cake.power.gif
Stack Trace:
#0 /opt/lampp/htdocs/fewphp/app/webroot/index.php(109): Dispatcher->dispatch(Object(CakeRequest), Object(CakeResponse))
#1 {main}
2013-03-22 15:44:56 Error: [MissingControllerException] Controller class ImgController could not be found.
Exception Attributes: array (
  'class' => 'ImgController',
  'plugin' => NULL,
)
Request URL: /fewphp/img/cake.power.gif
Stack Trace:
#0 /opt/lampp/htdocs/fewphp/app/webroot/index.php(109): Dispatcher->dispatch(Object(CakeRequest), Object(CakeResponse))
#1 {main}
2013-03-22 15:44:56 Error: [MissingControllerException] Controller class ImgController could not be found.
Exception Attributes: array (
  'class' => 'ImgController',
  'plugin' => NULL,
)
Request URL: /fewphp/img/cake.icon.png
Stack Trace:
#0 /opt/lampp/htdocs/fewphp/app/webroot/index.php(109): Dispatcher->dispatch(Object(CakeRequest), Object(CakeResponse))
#1 {main}
2013-03-22 15:45:12 Error: [MissingControllerException] Controller class ImgController could not be found.
Exception Attributes: array (
  'class' => 'ImgController',
  'plugin' => NULL,
)
Request URL: /fewphp/img/cake.power.gif
Stack Trace:
#0 /opt/lampp/htdocs/fewphp/app/webroot/index.php(109): Dispatcher->dispatch(Object(CakeRequest), Object(CakeResponse))
#1 {main}
2013-03-22 15:46:10 Error: [MissingControllerException] Controller class ImgController could not be found.
Exception Attributes: array (
  'class' => 'ImgController',
  'plugin' => NULL,
)
Request URL: /fewphp/img/cake.power.gif
Stack Trace:
#0 /opt/lampp/htdocs/fewphp/app/webroot/index.php(109): Dispatcher->dispatch(Object(CakeRequest), Object(CakeResponse))
#1 {main}
2013-03-22 15:46:10 Error: [MissingControllerException] Controller class ImgController could not be found.
Exception Attributes: array (
  'class' => 'ImgController',
  'plugin' => NULL,
)
Request URL: /fewphp/img/cake.icon.png
Stack Trace:
#0 /opt/lampp/htdocs/fewphp/app/webroot/index.php(109): Dispatcher->dispatch(Object(CakeRequest), Object(CakeResponse))
#1 {main}
2013-03-22 15:47:18 Error: [MissingControllerException] Controller class ImgController could not be found.
Exception Attributes: array (
  'class' => 'ImgController',
  'plugin' => NULL,
)
Request URL: /fewphp/img/cake.power.gif
Stack Trace:
#0 /opt/lampp/htdocs/fewphp/app/webroot/index.php(109): Dispatcher->dispatch(Object(CakeRequest), Object(CakeResponse))
#1 {main}
2013-03-22 15:47:18 Error: [MissingControllerException] Controller class ImgController could not be found.
Exception Attributes: array (
  'class' => 'ImgController',
  'plugin' => NULL,
)
Request URL: /fewphp/img/cake.icon.png
Stack Trace:
#0 /opt/lampp/htdocs/fewphp/app/webroot/index.php(109): Dispatcher->dispatch(Object(CakeRequest), Object(CakeResponse))
#1 {main}
2013-03-22 15:47:40 Error: [MissingControllerException] Controller class ImgController could not be found.
Exception Attributes: array (
  'class' => 'ImgController',
  'plugin' => NULL,
)
Request URL: /fewphp/img/cake.power.gif
Stack Trace:
#0 /opt/lampp/htdocs/fewphp/app/webroot/index.php(109): Dispatcher->dispatch(Object(CakeRequest), Object(CakeResponse))
#1 {main}
2013-03-22 15:49:19 Error: [MissingControllerException] Controller class ImgController could not be found.
Exception Attributes: array (
  'class' => 'ImgController',
  'plugin' => NULL,
)
Request URL: /fewphp/img/cake.power.gif
Stack Trace:
#0 /opt/lampp/htdocs/fewphp/app/webroot/index.php(109): Dispatcher->dispatch(Object(CakeRequest), Object(CakeResponse))
#1 {main}
2013-03-22 16:04:44 Error: Fatal Error (4): syntax error, unexpected ''jquery.instagram'' (T_CONSTANT_ENCAPSED_STRING), expecting ')' in [/opt/lampp/htdocs/fewphp/app/View/Layouts/default.ctp, line 34]
2013-03-22 16:04:44 Error: [FatalErrorException] syntax error, unexpected ''jquery.instagram'' (T_CONSTANT_ENCAPSED_STRING), expecting ')'
Request URL: /fewphp/
Stack Trace:
#0 /opt/lampp/htdocs/fewphp/lib/Cake/Error/ErrorHandler.php(184): ErrorHandler::handleFatalError(4, 'syntax error, u...', '/opt/lampp/htdo...', 34)
#1 [internal function]: ErrorHandler::handleError(4, 'syntax error, u...', '/opt/lampp/htdo...', 34, Array)
#2 /opt/lampp/htdocs/fewphp/lib/Cake/Core/App.php(927): call_user_func('ErrorHandler::h...', 4, 'syntax error, u...', '/opt/lampp/htdo...', 34, Array)
#3 /opt/lampp/htdocs/fewphp/lib/Cake/Core/App.php(900): App::_checkFatalError()
#4 [internal function]: App::shutdown()
#5 {main}
2013-03-23 08:47:44 Error: Fatal Error (1): Call to undefined method View::input() in [/opt/lampp/htdocs/fewphp/app/View/Home/index.ctp, line 12]
2013-03-23 08:47:44 Error: [FatalErrorException] Call to undefined method View::input()
Request URL: /fewphp/
Stack Trace:
#0 /opt/lampp/htdocs/fewphp/lib/Cake/Error/ErrorHandler.php(184): ErrorHandler::handleFatalError(1, 'Call to undefin...', '/opt/lampp/htdo...', 12)
#1 [internal function]: ErrorHandler::handleError(1, 'Call to undefin...', '/opt/lampp/htdo...', 12, Array)
#2 /opt/lampp/htdocs/fewphp/lib/Cake/Core/App.php(927): call_user_func('ErrorHandler::h...', 1, 'Call to undefin...', '/opt/lampp/htdo...', 12, Array)
#3 /opt/lampp/htdocs/fewphp/lib/Cake/Core/App.php(900): App::_checkFatalError()
#4 [internal function]: App::shutdown()
#5 {main}
2013-03-23 09:28:15 Error: [MissingControllerException] Controller class ImgController could not be found.
Exception Attributes: array (
  'class' => 'ImgController',
  'plugin' => NULL,
)
Request URL: /fewphp/img/003.jpg
Stack Trace:
#0 /opt/lampp/htdocs/fewphp/app/webroot/index.php(109): Dispatcher->dispatch(Object(CakeRequest), Object(CakeResponse))
#1 {main}
2013-03-23 09:28:15 Error: [MissingControllerException] Controller class ImgController could not be found.
Exception Attributes: array (
  'class' => 'ImgController',
  'plugin' => NULL,
)
Request URL: /fewphp/img/000.jpg
Stack Trace:
#0 /opt/lampp/htdocs/fewphp/app/webroot/index.php(109): Dispatcher->dispatch(Object(CakeRequest), Object(CakeResponse))
#1 {main}
2013-03-23 09:28:34 Error: [MissingControllerException] Controller class ImgController could not be found.
Exception Attributes: array (
  'class' => 'ImgController',
  'plugin' => NULL,
)
Request URL: /fewphp/img/003.jpg
Stack Trace:
#0 /opt/lampp/htdocs/fewphp/app/webroot/index.php(109): Dispatcher->dispatch(Object(CakeRequest), Object(CakeResponse))
#1 {main}
2013-03-23 09:30:42 Error: [MissingControllerException] Controller class ImgController could not be found.
Exception Attributes: array (
  'class' => 'ImgController',
  'plugin' => NULL,
)
Request URL: /fewphp/img/003.jpg
Stack Trace:
#0 /opt/lampp/htdocs/fewphp/app/webroot/index.php(109): Dispatcher->dispatch(Object(CakeRequest), Object(CakeResponse))
#1 {main}
2013-03-23 09:30:49 Error: [MissingControllerException] Controller class ImgController could not be found.
Exception Attributes: array (
  'class' => 'ImgController',
  'plugin' => NULL,
)
Request URL: /fewphp/img/003.jpg
Stack Trace:
#0 /opt/lampp/htdocs/fewphp/app/webroot/index.php(109): Dispatcher->dispatch(Object(CakeRequest), Object(CakeResponse))
#1 {main}
2013-03-23 10:34:10 Error: [MissingControllerException] Controller class DddController could not be found.
Exception Attributes: array (
  'class' => 'DddController',
  'plugin' => NULL,
)
Request URL: /fewphp/ddd
Stack Trace:
#0 /opt/lampp/htdocs/fewphp/app/webroot/index.php(109): Dispatcher->dispatch(Object(CakeRequest), Object(CakeResponse))
#1 {main}
